Added Component: Designator=C1(C 0805_L)
Add component (AddParameter): Name = "BOM名称"; Value = "无极性贴片电容"; VariantName = "[No Variations]"
Add component (AddParameter): Name = "唯一出售店铺网址"; Value = "https://shop463601444.taobao.com"; VariantName = "[No Variations]"
Add component (AddParameter): Name = "淘宝ID"; Value = "封装库来自淘宝 ID：黄晶宝石"; VariantName = "[No Variations]"
Add component (AddParameter): Name = "联系售后，技术支持"; Value = "https://shop463601444.taobao.com"; VariantName = "[No Variations]"
Added Component: Designator=C2(C 0805_L)
Add component (AddParameter): Name = "BOM名称"; Value = "无极性贴片电容"; VariantName = "[No Variations]"
Add component (AddParameter): Name = "唯一出售店铺网址"; Value = "https://shop463601444.taobao.com"; VariantName = "[No Variations]"
Add component (AddParameter): Name = "淘宝ID"; Value = "封装库来自淘宝 ID：黄晶宝石"; VariantName = "[No Variations]"
Add component (AddParameter): Name = "联系售后，技术支持"; Value = "https://shop463601444.taobao.com"; VariantName = "[No Variations]"
Added Component: Designator=C3(C 0805_L)
Add component (AddParameter): Name = "BOM名称"; Value = "无极性贴片电容"; VariantName = "[No Variations]"
Add component (AddParameter): Name = "唯一出售店铺网址"; Value = "https://shop463601444.taobao.com"; VariantName = "[No Variations]"
Add component (AddParameter): Name = "淘宝ID"; Value = "封装库来自淘宝 ID：黄晶宝石"; VariantName = "[No Variations]"
Add component (AddParameter): Name = "联系售后，技术支持"; Value = "https://shop463601444.taobao.com"; VariantName = "[No Variations]"
Added Component: Designator=C4(C 0805_L)
Add component (AddParameter): Name = "BOM名称"; Value = "无极性贴片电容"; VariantName = "[No Variations]"
Add component (AddParameter): Name = "唯一出售店铺网址"; Value = "https://shop463601444.taobao.com"; VariantName = "[No Variations]"
Add component (AddParameter): Name = "淘宝ID"; Value = "封装库来自淘宝 ID：黄晶宝石"; VariantName = "[No Variations]"
Add component (AddParameter): Name = "联系售后，技术支持"; Value = "https://shop463601444.taobao.com"; VariantName = "[No Variations]"
Added Component: Designator=C_BAT(C 0805_L)
Add component (AddParameter): Name = "BOM名称"; Value = "无极性贴片电容"; VariantName = "[No Variations]"
Add component (AddParameter): Name = "唯一出售店铺网址"; Value = "https://shop463601444.taobao.com"; VariantName = "[No Variations]"
Add component (AddParameter): Name = "淘宝ID"; Value = "封装库来自淘宝 ID：黄晶宝石"; VariantName = "[No Variations]"
Add component (AddParameter): Name = "联系售后，技术支持"; Value = "https://shop463601444.taobao.com"; VariantName = "[No Variations]"
Added Component: Designator=IC1(SOP8_N)
Add component (AddParameter): Name = "BOM名称"; Value = "直流电机控制芯片"; VariantName = "[No Variations]"
Add component (AddParameter): Name = "学习资源"; Value = "https://shop463601444.taobao.com"; VariantName = "[No Variations]"
Add component (AddParameter): Name = "版权归属"; Value = "封装库来自淘宝 ID：黄晶宝石"; VariantName = "[No Variations]"
Added Component: Designator=IC_CHARGE(SOP8_N)
Add component (AddParameter): Name = "BOM名称"; Value = "锂电池充电管理"; VariantName = "[No Variations]"
Add component (AddParameter): Name = "唯一出售店铺网址"; Value = "https://shop463601444.taobao.com"; VariantName = "[No Variations]"
Add component (AddParameter): Name = "技术支持，联系售后"; Value = "https://shop463601444.taobao.com"; VariantName = "[No Variations]"
Add component (AddParameter): Name = "淘宝ID"; Value = "封装库来自淘宝 ID：黄晶宝石"; VariantName = "[No Variations]"
Added Component: Designator=LED1(LED 0805B)
Add component (AddParameter): Name = "BOM名称"; Value = "贴片LED"; VariantName = "[No Variations]"
Add component (AddParameter): Name = "学习资源"; Value = "https://shop463601444.taobao.com"; VariantName = "[No Variations]"
Add component (AddParameter): Name = "版权归属"; Value = "封装库来自淘宝 ID：黄晶宝石"; VariantName = "[No Variations]"
Added Component: Designator=LED2(LED 0805R)
Add component (AddParameter): Name = "BOM名称"; Value = "贴片LED"; VariantName = "[No Variations]"
Add component (AddParameter): Name = "学习资源"; Value = "https://shop463601444.taobao.com"; VariantName = "[No Variations]"
Add component (AddParameter): Name = "版权归属"; Value = "封装库来自淘宝 ID：黄晶宝石"; VariantName = "[No Variations]"
Added Component: Designator=LED3(LED 0805G)
Add component (AddParameter): Name = "BOM名称"; Value = "贴片LED"; VariantName = "[No Variations]"
Add component (AddParameter): Name = "学习资源"; Value = "https://shop463601444.taobao.com"; VariantName = "[No Variations]"
Add component (AddParameter): Name = "版权归属"; Value = "封装库来自淘宝 ID：黄晶宝石"; VariantName = "[No Variations]"
Added Component: Designator=M1(ESP-12E&F Module)
Added Component: Designator=MT+(TEST 1.2)
Add component (AddParameter): Name = "BOM名称"; Value = "测试点"; VariantName = "[No Variations]"
Add component (AddParameter): Name = "学习资源"; Value = "https://shop463601444.taobao.com"; VariantName = "[No Variations]"
Add component (AddParameter): Name = "版权归属"; Value = "封装库来自淘宝 ID：黄晶宝石"; VariantName = "[No Variations]"
Added Component: Designator=MT-(TEST 1.2)
Add component (AddParameter): Name = "BOM名称"; Value = "测试点"; VariantName = "[No Variations]"
Add component (AddParameter): Name = "学习资源"; Value = "https://shop463601444.taobao.com"; VariantName = "[No Variations]"
Add component (AddParameter): Name = "版权归属"; Value = "封装库来自淘宝 ID：黄晶宝石"; VariantName = "[No Variations]"
Added Component: Designator=Q1(SOT-23)
Add component (AddParameter): Name = "ComponentLink1Description"; Value = "Manufacturer Link"; VariantName = "[No Variations]"
Add component (AddParameter): Name = "ComponentLink1URL"; Value = "http://www.semiconductors.philips.com/"; VariantName = "[No Variations]"
Add component (AddParameter): Name = "ComponentLink2Description"; Value = "Datasheet"; VariantName = "[No Variations]"
Add component (AddParameter): Name = "ComponentLink2URL"; Value = "http://www.semiconductors.philips.com/acrobat/datasheets/BCP68_4.pdf"; VariantName = "[No Variations]"
Add component (AddParameter): Name = "DatasheetVersion"; Value = "8-Apr-1999"; VariantName = "[No Variations]"
Add component (AddParameter): Name = "LatestRevisionDate"; Value = "12-Dec-2006"; VariantName = "[No Variations]"
Add component (AddParameter): Name = "LatestRevisionNote"; Value = "IPC-7351 Footprint Added."; VariantName = "[No Variations]"
Add component (AddParameter): Name = "PackageDescription"; Value = "4-Pin SOT-223 Package 2.3 mm Pitch, 7 mm Lead Span"; VariantName = "[No Variations]"
Add component (AddParameter): Name = "PackageReference"; Value = "SOT223"; VariantName = "[No Variations]"
Add component (AddParameter): Name = "PackageVersion"; Value = "Aug-2001"; VariantName = "[No Variations]"
Add component (AddParameter): Name = "Published"; Value = "17-Sep-2003"; VariantName = "[No Variations]"
Add component (AddParameter): Name = "Publisher"; Value = "Altium Limited"; VariantName = "[No Variations]"
Added Component: Designator=R1(R 0805_L)
Add component (AddParameter): Name = "BOM名称"; Value = "贴片电阻"; VariantName = "[No Variations]"
Add component (AddParameter): Name = "封装库来自淘宝卖家 ID：黄晶宝石"; Value = "其他店铺购入均为盗版，不享受售后技术支持服务，请立即申请退款"; VariantName = "[No Variations]"
Add component (AddParameter): Name = "版权归属"; Value = "来自淘宝 ID：黄晶宝石"; VariantName = "[No Variations]"
Add component (AddParameter): Name = "联系售后"; Value = "https://shop463601444.taobao.com"; VariantName = "[No Variations]"
Added Component: Designator=R2(R 0805_L)
Add component (AddParameter): Name = "BOM名称"; Value = "贴片电阻"; VariantName = "[No Variations]"
Add component (AddParameter): Name = "封装库来自淘宝卖家 ID：黄晶宝石"; Value = "其他店铺购入均为盗版，不享受售后技术支持服务，请立即申请退款"; VariantName = "[No Variations]"
Add component (AddParameter): Name = "版权归属"; Value = "来自淘宝 ID：黄晶宝石"; VariantName = "[No Variations]"
Add component (AddParameter): Name = "联系售后"; Value = "https://shop463601444.taobao.com"; VariantName = "[No Variations]"
Added Component: Designator=R3(R 0805_L)
Add component (AddParameter): Name = "BOM名称"; Value = "贴片电阻"; VariantName = "[No Variations]"
Add component (AddParameter): Name = "封装库来自淘宝卖家 ID：黄晶宝石"; Value = "其他店铺购入均为盗版，不享受售后技术支持服务，请立即申请退款"; VariantName = "[No Variations]"
Add component (AddParameter): Name = "版权归属"; Value = "来自淘宝 ID：黄晶宝石"; VariantName = "[No Variations]"
Add component (AddParameter): Name = "联系售后"; Value = "https://shop463601444.taobao.com"; VariantName = "[No Variations]"
Added Component: Designator=R_CHARGE(R 0805_L)
Add component (AddParameter): Name = "BOM名称"; Value = "贴片电阻"; VariantName = "[No Variations]"
Add component (AddParameter): Name = "封装库来自淘宝卖家 ID：黄晶宝石"; Value = "其他店铺购入均为盗版，不享受售后技术支持服务，请立即申请退款"; VariantName = "[No Variations]"
Add component (AddParameter): Name = "版权归属"; Value = "来自淘宝 ID：黄晶宝石"; VariantName = "[No Variations]"
Add component (AddParameter): Name = "联系售后"; Value = "https://shop463601444.taobao.com"; VariantName = "[No Variations]"
Added Component: Designator=RLED1(R 0805_L)
Add component (AddParameter): Name = "BOM名称"; Value = "贴片电阻"; VariantName = "[No Variations]"
Add component (AddParameter): Name = "封装库来自淘宝卖家 ID：黄晶宝石"; Value = "其他店铺购入均为盗版，不享受售后技术支持服务，请立即申请退款"; VariantName = "[No Variations]"
Add component (AddParameter): Name = "版权归属"; Value = "来自淘宝 ID：黄晶宝石"; VariantName = "[No Variations]"
Add component (AddParameter): Name = "联系售后"; Value = "https://shop463601444.taobao.com"; VariantName = "[No Variations]"
Added Component: Designator=RLED2(R 0805_L)
Add component (AddParameter): Name = "BOM名称"; Value = "贴片电阻"; VariantName = "[No Variations]"
Add component (AddParameter): Name = "封装库来自淘宝卖家 ID：黄晶宝石"; Value = "其他店铺购入均为盗版，不享受售后技术支持服务，请立即申请退款"; VariantName = "[No Variations]"
Add component (AddParameter): Name = "版权归属"; Value = "来自淘宝 ID：黄晶宝石"; VariantName = "[No Variations]"
Add component (AddParameter): Name = "联系售后"; Value = "https://shop463601444.taobao.com"; VariantName = "[No Variations]"
Added Component: Designator=RLED3(R 0805_L)
Add component (AddParameter): Name = "BOM名称"; Value = "贴片电阻"; VariantName = "[No Variations]"
Add component (AddParameter): Name = "封装库来自淘宝卖家 ID：黄晶宝石"; Value = "其他店铺购入均为盗版，不享受售后技术支持服务，请立即申请退款"; VariantName = "[No Variations]"
Add component (AddParameter): Name = "版权归属"; Value = "来自淘宝 ID：黄晶宝石"; VariantName = "[No Variations]"
Add component (AddParameter): Name = "联系售后"; Value = "https://shop463601444.taobao.com"; VariantName = "[No Variations]"
Added Component: Designator=RST(TSW SMD-3*6*2.5)
Add component (AddParameter): Name = "BOM名称"; Value = "3x6轻触开关"; VariantName = "[No Variations]"
Add component (AddParameter): Name = "学习资源"; Value = "https://shop463601444.taobao.com"; VariantName = "[No Variations]"
Add component (AddParameter): Name = "版权归属"; Value = "封装库来自淘宝 ID：黄晶宝石"; VariantName = "[No Variations]"
Added Component: Designator=RXD(TEST 1.2)
Add component (AddParameter): Name = "BOM名称"; Value = "测试点"; VariantName = "[No Variations]"
Add component (AddParameter): Name = "学习资源"; Value = "https://shop463601444.taobao.com"; VariantName = "[No Variations]"
Add component (AddParameter): Name = "版权归属"; Value = "封装库来自淘宝 ID：黄晶宝石"; VariantName = "[No Variations]"
Added Component: Designator=S1(MSK-12C01-07)
Add component (AddParameter): Name = "BOM名称"; Value = "波动开关"; VariantName = "[No Variations]"
Add component (AddParameter): Name = "学习资源"; Value = "https://shop463601444.taobao.com"; VariantName = "[No Variations]"
Add component (AddParameter): Name = "版权归属"; Value = "封装库来自淘宝 ID：黄晶宝石"; VariantName = "[No Variations]"
Added Component: Designator=SV+(TEST 1.2)
Add component (AddParameter): Name = "BOM名称"; Value = "测试点"; VariantName = "[No Variations]"
Add component (AddParameter): Name = "学习资源"; Value = "https://shop463601444.taobao.com"; VariantName = "[No Variations]"
Add component (AddParameter): Name = "版权归属"; Value = "封装库来自淘宝 ID：黄晶宝石"; VariantName = "[No Variations]"
Added Component: Designator=SV-(TEST 1.2)
Add component (AddParameter): Name = "BOM名称"; Value = "测试点"; VariantName = "[No Variations]"
Add component (AddParameter): Name = "学习资源"; Value = "https://shop463601444.taobao.com"; VariantName = "[No Variations]"
Add component (AddParameter): Name = "版权归属"; Value = "封装库来自淘宝 ID：黄晶宝石"; VariantName = "[No Variations]"
Added Component: Designator=SVP(TEST 1.2)
Add component (AddParameter): Name = "BOM名称"; Value = "测试点"; VariantName = "[No Variations]"
Add component (AddParameter): Name = "学习资源"; Value = "https://shop463601444.taobao.com"; VariantName = "[No Variations]"
Add component (AddParameter): Name = "版权归属"; Value = "封装库来自淘宝 ID：黄晶宝石"; VariantName = "[No Variations]"
Added Component: Designator=TXD(TEST 1.2)
Add component (AddParameter): Name = "BOM名称"; Value = "测试点"; VariantName = "[No Variations]"
Add component (AddParameter): Name = "学习资源"; Value = "https://shop463601444.taobao.com"; VariantName = "[No Variations]"
Add component (AddParameter): Name = "版权归属"; Value = "封装库来自淘宝 ID：黄晶宝石"; VariantName = "[No Variations]"
Added Component: Designator=USB1(USB-MICRO_B)
Add component (AddParameter): Name = "BOM名称"; Value = "微型USB母座"; VariantName = "[No Variations]"
Add component (AddParameter): Name = "学习资源"; Value = "https://shop463601444.taobao.com"; VariantName = "[No Variations]"
Added Component: Designator=V1(SOT223_L)
Add component (AddParameter): Name = "BOM名称"; Value = "稳压芯片"; VariantName = "[No Variations]"
Add component (AddParameter): Name = "欢迎光临淘宝店铺"; Value = "https://shop463601444.taobao.com"; VariantName = "[No Variations]"
Add component (AddParameter): Name = "淘宝ID"; Value = "封装库来自淘宝 ID：黄晶宝石"; VariantName = "[No Variations]"
Added Pin To Net: NetName=3V3 Pin=C3-2
Added Pin To Net: NetName=3V3 Pin=C4-2
Added Pin To Net: NetName=3V3 Pin=IC1-2
Added Pin To Net: NetName=3V3 Pin=IC1-3
Added Pin To Net: NetName=3V3 Pin=LED1-1
Added Pin To Net: NetName=3V3 Pin=M1-8
Added Pin To Net: NetName=3V3 Pin=M1-8
Added Pin To Net: NetName=3V3 Pin=R3-1
Added Pin To Net: NetName=3V3 Pin=SV+-1
Added Pin To Net: NetName=3V3 Pin=V1-2
Added Net: Name=3V3
Added Pin To Net: NetName=BAT+ Pin=C_BAT-2
Added Pin To Net: NetName=BAT+ Pin=IC_CHARGE-5
Added Pin To Net: NetName=BAT+ Pin=S1-2
Added Net: Name=BAT+
Added Pin To Net: NetName=BAT- Pin=C1-1
Added Pin To Net: NetName=BAT- Pin=C2-1
Added Pin To Net: NetName=BAT- Pin=C3-1
Added Pin To Net: NetName=BAT- Pin=C4-1
Added Pin To Net: NetName=BAT- Pin=C_BAT-1
Added Pin To Net: NetName=BAT- Pin=IC1-5
Added Pin To Net: NetName=BAT- Pin=IC1-8
Added Pin To Net: NetName=BAT- Pin=IC_CHARGE-1
Added Pin To Net: NetName=BAT- Pin=IC_CHARGE-3
Added Pin To Net: NetName=BAT- Pin=M1-15
Added Pin To Net: NetName=BAT- Pin=M1-15
Added Pin To Net: NetName=BAT- Pin=Q1-2
Added Pin To Net: NetName=BAT- Pin=R1-2
Added Pin To Net: NetName=BAT- Pin=R_CHARGE-1
Added Pin To Net: NetName=BAT- Pin=RLED1-1
Added Pin To Net: NetName=BAT- Pin=RST-1
Added Pin To Net: NetName=BAT- Pin=SV--1
Added Pin To Net: NetName=BAT- Pin=USB1-5
Added Pin To Net: NetName=BAT- Pin=USB1-5
Added Pin To Net: NetName=BAT- Pin=USB1-5
Added Pin To Net: NetName=BAT- Pin=USB1-5
Added Pin To Net: NetName=BAT- Pin=USB1-5
Added Pin To Net: NetName=BAT- Pin=V1-1
Added Net: Name=BAT-
Added Pin To Net: NetName=NetIC1_1 Pin=IC1-1
Added Pin To Net: NetName=NetIC1_1 Pin=MT+-1
Added Net: Name=NetIC1_1
Added Pin To Net: NetName=NetIC1_4 Pin=IC1-4
Added Pin To Net: NetName=NetIC1_4 Pin=MT--1
Added Net: Name=NetIC1_4
Added Pin To Net: NetName=NetIC1_6 Pin=IC1-6
Added Pin To Net: NetName=NetIC1_6 Pin=M1-17
Added Pin To Net: NetName=NetIC1_6 Pin=M1-17
Added Net: Name=NetIC1_6
Added Pin To Net: NetName=NetIC1_7 Pin=IC1-7
Added Pin To Net: NetName=NetIC1_7 Pin=M1-6
Added Pin To Net: NetName=NetIC1_7 Pin=M1-6
Added Net: Name=NetIC1_7
Added Pin To Net: NetName=NetIC_CHARGE_2 Pin=IC_CHARGE-2
Added Pin To Net: NetName=NetIC_CHARGE_2 Pin=R_CHARGE-2
Added Net: Name=NetIC_CHARGE_2
Added Pin To Net: NetName=NetIC_CHARGE_6 Pin=IC_CHARGE-6
Added Pin To Net: NetName=NetIC_CHARGE_6 Pin=RLED3-1
Added Net: Name=NetIC_CHARGE_6
Added Pin To Net: NetName=NetIC_CHARGE_7 Pin=IC_CHARGE-7
Added Pin To Net: NetName=NetIC_CHARGE_7 Pin=RLED2-1
Added Net: Name=NetIC_CHARGE_7
Added Pin To Net: NetName=NetLED1_2 Pin=LED1-2
Added Pin To Net: NetName=NetLED1_2 Pin=RLED1-2
Added Net: Name=NetLED1_2
Added Pin To Net: NetName=NetLED2_2 Pin=LED2-2
Added Pin To Net: NetName=NetLED2_2 Pin=RLED2-2
Added Net: Name=NetLED2_2
Added Pin To Net: NetName=NetLED3_2 Pin=LED3-2
Added Pin To Net: NetName=NetLED3_2 Pin=RLED3-2
Added Net: Name=NetLED3_2
Added Pin To Net: NetName=NetM1_1 Pin=M1-1
Added Pin To Net: NetName=NetM1_1 Pin=M1-1
Added Pin To Net: NetName=NetM1_1 Pin=RST-2
Added Net: Name=NetM1_1
Added Pin To Net: NetName=NetM1_18 Pin=M1-18
Added Pin To Net: NetName=NetM1_18 Pin=M1-18
Added Pin To Net: NetName=NetM1_18 Pin=Q1-3
Added Pin To Net: NetName=NetM1_18 Pin=R3-2
Added Net: Name=NetM1_18
Added Pin To Net: NetName=NetM1_20 Pin=M1-20
Added Pin To Net: NetName=NetM1_20 Pin=M1-20
Added Pin To Net: NetName=NetM1_20 Pin=SVP-1
Added Net: Name=NetM1_20
Added Pin To Net: NetName=NetM1_21 Pin=M1-21
Added Pin To Net: NetName=NetM1_21 Pin=M1-21
Added Pin To Net: NetName=NetM1_21 Pin=RXD-1
Added Net: Name=NetM1_21
Added Pin To Net: NetName=NetM1_22 Pin=M1-22
Added Pin To Net: NetName=NetM1_22 Pin=M1-22
Added Pin To Net: NetName=NetM1_22 Pin=TXD-1
Added Net: Name=NetM1_22
Added Pin To Net: NetName=NetQ1_1 Pin=Q1-1
Added Pin To Net: NetName=NetQ1_1 Pin=R1-1
Added Pin To Net: NetName=NetQ1_1 Pin=R2-1
Added Net: Name=NetQ1_1
Added Pin To Net: NetName=NetS1_3 Pin=S1-3
Added Pin To Net: NetName=NetS1_3 Pin=V1-3
Added Net: Name=NetS1_3
Added Pin To Net: NetName=USB5V Pin=C1-2
Added Pin To Net: NetName=USB5V Pin=C2-2
Added Pin To Net: NetName=USB5V Pin=IC_CHARGE-4
Added Pin To Net: NetName=USB5V Pin=IC_CHARGE-8
Added Pin To Net: NetName=USB5V Pin=LED2-1
Added Pin To Net: NetName=USB5V Pin=LED3-1
Added Pin To Net: NetName=USB5V Pin=R2-2
Added Pin To Net: NetName=USB5V Pin=USB1-1
Added Net: Name=USB5V
Added Member To Class: ClassName=Charge Member=Component C1 106
Added Member To Class: ClassName=Charge Member=Component C2 104
Added Member To Class: ClassName=Charge Member=Component C3 106
Added Member To Class: ClassName=Charge Member=Component C4 104
Added Member To Class: ClassName=Charge Member=Component C_BAT 106
Added Member To Class: ClassName=Motor Member=Component IC1 L9110
Added Member To Class: ClassName=Charge Member=Component IC_CHARGE TP4056
Added Member To Class: ClassName=Charge Member=Component LED1 BLUE
Added Member To Class: ClassName=Charge Member=Component LED2 RED
Added Member To Class: ClassName=Charge Member=Component LED3 GREEN
Added Member To Class: ClassName=Control Member=Component M1 ESP-12E&F Module F
Added Member To Class: ClassName=IO_CONN Member=Component MT+ TEST
Added Member To Class: ClassName=IO_CONN Member=Component MT- TEST
Added Member To Class: ClassName=Control Member=Component Q1 BCP68
Added Member To Class: ClassName=Control Member=Component R1 10K
Added Member To Class: ClassName=Control Member=Component R2 10K
Added Member To Class: ClassName=Control Member=Component R3 10K
Added Member To Class: ClassName=Charge Member=Component R_CHARGE 1.2K
Added Member To Class: ClassName=Charge Member=Component RLED1 1.2K
Added Member To Class: ClassName=Charge Member=Component RLED2 1.2K
Added Member To Class: ClassName=Charge Member=Component RLED3 1.2K
Added Member To Class: ClassName=Control Member=Component RST 3x6x5
Added Member To Class: ClassName=IO_CONN Member=Component RXD TEST
Added Member To Class: ClassName=Charge Member=Component S1 SS-12F23
Added Member To Class: ClassName=IO_CONN Member=Component SV+ TEST
Added Member To Class: ClassName=IO_CONN Member=Component SV- TEST
Added Member To Class: ClassName=IO_CONN Member=Component SVP TEST
Added Member To Class: ClassName=IO_CONN Member=Component TXD TEST
Added Member To Class: ClassName=Charge Member=Component USB1 USB-5P
Added Member To Class: ClassName=Charge Member=Component V1 AMS1117-3V3
Added Room: Name=Charge
Added Room: Name=Control
Added Room: Name=IO_CONN
Added Room: Name=Motor
